TN:
SF:src/components/auth/ProtectedRoute.tsx
FN:13,ProtectedRoute
FNF:1
FNH:1
FNDA:5,ProtectedRoute
DA:1,1
DA:2,1
DA:3,1
DA:4,1
DA:5,1
DA:6,1
DA:7,1
DA:8,1
DA:9,1
DA:10,1
DA:11,1
DA:12,1
DA:13,1
DA:14,5
DA:15,5
DA:16,5
DA:17,5
DA:18,5
DA:19,5
DA:20,5
DA:21,5
DA:22,1
DA:23,1
DA:24,1
DA:25,1
DA:26,1
DA:27,1
DA:28,4
DA:29,5
DA:30,1
DA:31,1
DA:32,3
DA:33,5
DA:34,2
DA:35,1
DA:36,1
DA:37,1
DA:38,2
DA:39,2
DA:40,5
DA:41,1
DA:42,1
DA:43,1
DA:44,1
DA:45,1
DA:46,1
DA:47,1
LF:47
LH:47
BRDA:13,0,0,5
BRDA:21,1,0,1
BRDA:27,2,0,4
BRDA:29,3,0,1
BRDA:31,4,0,3
BRDA:33,5,0,2
BRDA:33,6,0,2
BRDA:34,7,0,1
BRDA:40,8,0,2
BRDA:40,9,0,1
BRF:10
BRH:10
end_of_record
TN:
SF:src/contexts/AuthContext.tsx
FN:31,AuthProvider
FN:37,loadUser
FN:147,useAuth
FNF:3
FNH:3
FNDA:14,AuthProvider
FNDA:4,loadUser
FNDA:14,useAuth
DA:1,1
DA:2,1
DA:3,1
DA:4,1
DA:5,1
DA:6,1
DA:7,1
DA:8,1
DA:9,1
DA:10,1
DA:11,1
DA:12,1
DA:13,1
DA:14,1
DA:15,1
DA:16,1
DA:17,1
DA:18,1
DA:19,1
DA:20,1
DA:21,1
DA:22,1
DA:23,1
DA:24,1
DA:25,1
DA:26,1
DA:27,1
DA:28,1
DA:29,1
DA:30,1
DA:31,1
DA:32,14
DA:33,14
DA:34,14
DA:35,14
DA:36,14
DA:37,4
DA:38,4
DA:39,4
DA:40,4
DA:41,4
DA:42,4
DA:43,1
DA:44,1
DA:45,1
DA:46,4
DA:47,0
DA:48,0
DA:49,0
DA:50,0
DA:51,4
DA:52,4
DA:53,4
DA:54,4
DA:55,4
DA:56,4
DA:57,14
DA:58,14
DA:59,14
DA:60,14
DA:61,2
DA:62,2
DA:63,2
DA:64,2
DA:65,2
DA:66,2
DA:67,2
DA:68,2
DA:69,2
DA:70,2
DA:71,2
DA:72,2
DA:73,2
DA:74,2
DA:75,2
DA:76,2
DA:77,2
DA:78,2
DA:79,2
DA:80,2
DA:81,2
DA:82,2
DA:83,2
DA:84,2
DA:85,2
DA:86,2
DA:87,2
DA:88,2
DA:89,2
DA:90,2
DA:91,2
DA:92,2
DA:93,2
DA:94,2
DA:95,2
DA:96,2
DA:97,2
DA:98,0
DA:99,0
DA:100,2
DA:101,2
DA:102,2
DA:103,2
DA:104,14
DA:105,14
DA:106,14
DA:107,14
DA:108,1
DA:109,1
DA:110,1
DA:111,1
DA:112,1
DA:113,1
DA:114,1
DA:115,1
DA:116,1
DA:117,0
DA:118,0
DA:119,0
DA:120,0
DA:121,0
DA:122,1
DA:123,1
DA:124,1
DA:125,14
DA:126,14
DA:127,14
DA:128,0
DA:129,0
DA:130,14
DA:131,14
DA:132,14
DA:133,14
DA:134,14
DA:135,14
DA:136,14
DA:137,14
DA:138,14
DA:139,14
DA:140,14
DA:141,14
DA:142,14
DA:143,14
DA:144,14
DA:145,14
DA:146,1
DA:147,1
DA:148,14
DA:149,14
DA:150,0
DA:151,0
DA:152,14
DA:153,14
LF:153
LH:138
BRDA:31,0,0,14
BRDA:36,1,0,4
BRDA:37,2,0,4
BRDA:42,3,0,1
BRDA:42,4,0,1
BRDA:46,5,0,0
BRDA:60,6,0,2
BRDA:97,7,0,0
BRDA:107,8,0,1
BRDA:116,9,0,0
BRDA:110,10,0,3
BRDA:110,11,0,0
BRDA:111,12,0,3
BRDA:133,13,0,14
BRDA:147,14,0,14
BRDA:149,15,0,0
BRF:16
BRH:11
end_of_record
